2022-03-16 01:19:08,749 DEBUG client.py Create connection 127.0.0.1:7777
2022-03-16 01:19:08,749 INFO client.py Message create: {'action': 'presence', 'time': 1647382748.7499332, 'user': {'ACCOUNT_NAME': 'Guest'}, 'encoding': 'utf-8'}
2022-03-16 01:19:08,749 DEBUG client.py Create and send message: {'action': 'presence', 'time': 1647382748.7499332, 'user': {'ACCOUNT_NAME': 'Guest'}, 'encoding': 'utf-8'}
2022-03-16 01:19:08,750 DEBUG client.py Server response: {'response': 200}
2022-03-22 23:36:25,936 DEBUG client.py Create connection 127.0.0.1:7777
2022-03-22 23:36:25,937 INFO client.py Message create: {'action': 'presence', 'time': 1647981385.9366949, 'user': {'ACCOUNT_NAME': 'Guest'}, 'encoding': 'utf-8'}
2022-03-22 23:36:25,937 DEBUG decors.py Function called: create_presence with parameters (), {}Calling from the module: __main__
2022-03-22 23:36:25,937 DEBUG client.py Create and send message: {'action': 'presence', 'time': 1647981385.9366949, 'user': {'ACCOUNT_NAME': 'Guest'}, 'encoding': 'utf-8'}
2022-03-22 23:36:25,957 DEBUG client.py Server response: {'response': 200}
2022-03-22 23:36:25,957 DEBUG decors.py Function called: process_ans with parameters ({'response': 200},), {}Calling from the module: __main__
2022-03-24 23:03:58,776 DEBUG decors.py Function called: arg_parser with parameters (), {}Calling from the module: __main__
2022-03-24 23:03:58,777 INFO client.py The client with the parameters is running: server address - 127.0.0.1, port - 7777, operating mode - listen
2022-03-24 23:03:58,783 DEBUG decors.py Function called: arg_parser with parameters (), {}Calling from the module: __main__
2022-03-24 23:03:58,783 INFO client.py The client with the parameters is running: server address - 127.0.0.1, port - 7777, operating mode - send
2022-03-24 23:03:58,783 DEBUG decors.py Function called: arg_parser with parameters (), {}Calling from the module: __main__
2022-03-24 23:03:58,783 INFO client.py The client with the parameters is running: server address - 127.0.0.1, port - 7777, operating mode - send
2022-03-24 23:03:58,784 DEBUG decors.py Function called: arg_parser with parameters (), {}Calling from the module: __main__
2022-03-24 23:03:58,784 INFO client.py The client with the parameters is running: server address - 127.0.0.1, port - 7777, operating mode - listen
2022-03-24 23:04:22,028 DEBUG decors.py Function called: arg_parser with parameters (), {}Calling from the module: __main__
2022-03-24 23:04:22,029 INFO client.py The client with the parameters is running: server address - 127.0.0.1, port - 7777, operating mode - listen
2022-03-24 23:04:34,039 DEBUG decors.py Function called: arg_parser with parameters (), {}Calling from the module: __main__
2022-03-24 23:04:34,039 INFO client_send.py The client with the parameters is running: server address - 127.0.0.1, port - 7777, operating mode - send
2022-03-24 23:09:45,133 DEBUG decors.py Function called: arg_parser with parameters (), {}Calling from the module: __main__
2022-03-24 23:09:45,133 INFO client_send.py The client with the parameters is running: server address - 127.0.0.1, port - 7777, operating mode - send
2022-03-24 23:09:45,134 INFO client_send.py Create message: {'action': 'presence', 'time': 1648152585.1348343, 'user': {'ACCOUNT_NAME': 'Guest'}, 'encoding': 'utf-8'} from user Guest
2022-03-24 23:09:45,134 DEBUG decors.py Function called: create_presence with parameters (), {}Calling from the module: __main__
2022-03-24 23:10:07,456 DEBUG decors.py Function called: arg_parser with parameters (), {}Calling from the module: __main__
2022-03-24 23:10:07,456 INFO client.py The client with the parameters is running: server address - 127.0.0.1, port - 7777, operating mode - listen
2022-03-24 23:10:07,457 INFO client.py Create message: {'action': 'presence', 'time': 1648152607.457972, 'user': {'ACCOUNT_NAME': 'Guest'}, 'encoding': 'utf-8'} from user Guest
2022-03-24 23:10:07,457 DEBUG decors.py Function called: create_presence with parameters (), {}Calling from the module: __main__
2022-03-24 23:10:07,457 ERROR client_send.py The received JSON string could not be decoded.
2022-03-24 23:10:49,947 DEBUG decors.py Function called: arg_parser with parameters (), {}Calling from the module: __main__
2022-03-24 23:10:49,947 INFO client.py The client with the parameters is running: server address - 127.0.0.1, port - 7777, operating mode - send
2022-03-24 23:10:49,948 INFO client.py Create message: {'action': 'presence', 'time': 1648152649.9474761, 'user': {'ACCOUNT_NAME': 'Guest'}, 'encoding': 'utf-8'} from user Guest
2022-03-24 23:10:49,948 DEBUG decors.py Function called: create_presence with parameters (), {}Calling from the module: __main__
2022-03-24 23:10:49,948 ERROR client.py The received JSON string could not be decoded.
2022-03-24 23:10:49,965 DEBUG decors.py Function called: arg_parser with parameters (), {}Calling from the module: __main__
2022-03-24 23:10:49,965 INFO client.py The client with the parameters is running: server address - 127.0.0.1, port - 7777, operating mode - listen
2022-03-24 23:10:49,966 INFO client.py Create message: {'action': 'presence', 'time': 1648152649.966474, 'user': {'ACCOUNT_NAME': 'Guest'}, 'encoding': 'utf-8'} from user Guest
2022-03-24 23:10:49,966 DEBUG decors.py Function called: create_presence with parameters (), {}Calling from the module: __main__
2022-03-24 23:10:49,966 DEBUG decors.py Function called: arg_parser with parameters (), {}Calling from the module: __main__
2022-03-24 23:10:49,966 INFO client.py The client with the parameters is running: server address - 127.0.0.1, port - 7777, operating mode - listen
2022-03-24 23:10:49,966 ERROR client.py The received JSON string could not be decoded.
2022-03-24 23:10:49,967 INFO client.py Create message: {'action': 'presence', 'time': 1648152649.967475, 'user': {'ACCOUNT_NAME': 'Guest'}, 'encoding': 'utf-8'} from user Guest
2022-03-24 23:10:49,967 DEBUG decors.py Function called: create_presence with parameters (), {}Calling from the module: __main__
2022-03-24 23:10:49,967 ERROR client.py The received JSON string could not be decoded.
2022-03-24 23:10:49,973 DEBUG decors.py Function called: arg_parser with parameters (), {}Calling from the module: __main__
2022-03-24 23:10:49,974 INFO client.py The client with the parameters is running: server address - 127.0.0.1, port - 7777, operating mode - send
2022-03-24 23:10:49,975 INFO client.py Create message: {'action': 'presence', 'time': 1648152649.975476, 'user': {'ACCOUNT_NAME': 'Guest'}, 'encoding': 'utf-8'} from user Guest
2022-03-24 23:10:49,975 DEBUG decors.py Function called: create_presence with parameters (), {}Calling from the module: __main__
2022-03-24 23:10:49,975 ERROR client.py The received JSON string could not be decoded.
2022-03-29 23:25:23,665 DEBUG decors.py Function called: arg_parser with parameters (), {}Calling from the module: __main__
2022-03-29 23:25:23,665 INFO client.py The client with the parameters is running: server address - 127.0.0.1, port - 7777, operating mode - listen
2022-03-29 23:25:23,666 INFO client.py Create message: presence from user Guest
2022-03-29 23:25:23,666 DEBUG decors.py Function called: create_presence with parameters (), {}Calling from the module: __main__
2022-03-29 23:25:24,177 DEBUG client.py Server response: {'response': 200}
2022-03-29 23:25:24,177 DEBUG decors.py Function called: process_ans with parameters ({'response': 200},), {}Calling from the module: __main__
2022-03-29 23:25:24,177 INFO client.py A connection to the server has been established. Server response: 200 : OK
2022-03-29 23:25:24,177 DEBUG client.py Запущены процессы
2022-03-29 23:25:58,277 DEBUG client.py The message dictionary has been formed: {'action': 'message', 'sender': 'listen', 'to': 'Ivan', 'time': 1648585558.277526, 'mess_text': 'Hi, Ivan!'}
2022-03-29 23:25:58,277 INFO client.py The message was sent to the user Ivan
2022-03-29 23:25:58,277 DEBUG decors.py Function called: create_message with parameters (<socket.socket fd=444, family=AddressFamily.AF_INET, type=SocketKind.SOCK_STREAM, proto=0, laddr=('127.0.0.1', 49991), raddr=('127.0.0.1', 7777)>, 'listen'), {}Calling from the module: __main__
2022-03-29 23:26:18,143 DEBUG decors.py Function called: create_exit_message with parameters ('listen',), {}Calling from the module: __main__
2022-03-29 23:26:18,144 INFO client.py Completion of work on the user's command.
2022-03-29 23:26:18,649 DEBUG decors.py Function called: user_interactive with parameters (<socket.socket fd=444, family=AddressFamily.AF_INET, type=SocketKind.SOCK_STREAM, proto=0, laddr=('127.0.0.1', 49991), raddr=('127.0.0.1', 7777)>, 'listen'), {}Calling from the module: __main__
2022-04-09 03:31:04,741 DEBUG decors.py Function called: arg_parser with parameters (), {}Calling from the module: __main__
2022-04-09 03:31:04,742 INFO client.py The client with the parameters is running: server address - 127.0.0.1, port - 7777, operating mode - listen
2022-04-09 03:31:04,743 INFO client.py Create message: presence from user Guest
2022-04-09 03:31:04,743 DEBUG decors.py Function called: create_presence with parameters (), {}Calling from the module: __main__
2022-04-09 03:31:04,747 DEBUG decors.py Function called: arg_parser with parameters (), {}Calling from the module: __main__
2022-04-09 03:31:04,747 INFO client.py The client with the parameters is running: server address - 127.0.0.1, port - 7777, operating mode - send
2022-04-09 03:31:04,748 INFO client.py Create message: presence from user Guest
2022-04-09 03:31:04,748 DEBUG decors.py Function called: create_presence with parameters (), {}Calling from the module: __main__
2022-04-09 03:31:04,760 DEBUG decors.py Function called: arg_parser with parameters (), {}Calling from the module: __main__
2022-04-09 03:31:04,760 INFO client.py The client with the parameters is running: server address - 127.0.0.1, port - 7777, operating mode - send
2022-04-09 03:31:04,761 INFO client.py Create message: presence from user Guest
2022-04-09 03:31:04,761 DEBUG decors.py Function called: create_presence with parameters (), {}Calling from the module: __main__
2022-04-09 03:31:04,761 DEBUG client.py Server response: {'response': 200}
2022-04-09 03:31:04,761 DEBUG decors.py Function called: arg_parser with parameters (), {}Calling from the module: __main__
2022-04-09 03:31:04,761 DEBUG decors.py Function called: process_ans with parameters ({'response': 200},), {}Calling from the module: __main__
2022-04-09 03:31:04,761 INFO client.py A connection to the server has been established. Server response: 200 : OK
2022-04-09 03:31:04,761 INFO client.py The client with the parameters is running: server address - 127.0.0.1, port - 7777, operating mode - listen
2022-04-09 03:31:04,762 INFO client.py Create message: presence from user Guest
2022-04-09 03:31:04,762 DEBUG decors.py Function called: create_presence with parameters (), {}Calling from the module: __main__
2022-04-09 03:31:04,812 DEBUG client.py Server response: {'response': 400, 'error': 'Имя пользователя уже занято.'}
2022-04-09 03:31:04,812 DEBUG decors.py Function called: process_ans with parameters ({'response': 400, 'error': 'Имя пользователя уже занято.'},), {}Calling from the module: __main__
2022-04-09 03:31:04,812 INFO client.py A connection to the server has been established. Server response: 400 : Имя пользователя уже занято.
2022-04-09 03:31:04,840 DEBUG client.py Server response: {'response': 400, 'error': 'Имя пользователя уже занято.'}
2022-04-09 03:31:04,840 DEBUG decors.py Function called: process_ans with parameters ({'response': 400, 'error': 'Имя пользователя уже занято.'},), {}Calling from the module: __main__
2022-04-09 03:31:04,840 INFO client.py A connection to the server has been established. Server response: 400 : Имя пользователя уже занято.
2022-04-09 03:31:04,867 DEBUG client.py Server response: {'response': 400, 'error': 'Имя пользователя уже занято.'}
2022-04-09 03:31:04,867 DEBUG decors.py Function called: process_ans with parameters ({'response': 400, 'error': 'Имя пользователя уже занято.'},), {}Calling from the module: __main__
2022-04-09 03:31:04,867 INFO client.py A connection to the server has been established. Server response: 400 : Имя пользователя уже занято.
2022-04-25 02:23:33,567 DEBUG decors.py Function called: arg_parser with parameters (), {}Calling from the module: __main__
2022-04-25 02:23:33,569 INFO client.py The client with the parameters is running: server address - 127.0.0.1, port - 7777, operating mode - listen
2022-04-25 02:30:38,074 DEBUG decors.py Function called: arg_parser with parameters (), {}Calling from the module: __main__
2022-04-25 02:30:38,076 INFO client.py The client with the parameters is running: server address - 127.0.0.1, port - 7777, operating mode - listen
2022-04-25 02:33:45,120 DEBUG decors.py Function called: arg_parser with parameters (), {}Calling from the module: __main__
2022-04-25 02:33:45,122 INFO client.py The client with the parameters is running: server address - 127.0.0.1, port - 7777, operating mode - listen
2022-04-28 00:34:45,623 DEBUG decors.py Function called: arg_parser with parameters (), {}Calling from the module: __main__
2022-04-28 00:34:45,724 INFO client.py Запущен клиент с парамертами: адрес сервера: 127.0.0.1 , порт: 7777, имя пользователя: listen
2022-04-28 00:34:45,769 INFO transport.py Попытка подключения №1
2022-04-28 00:34:48,810 INFO transport.py Попытка подключения №2
2022-04-28 00:34:51,831 INFO transport.py Попытка подключения №3
2022-04-28 00:34:54,860 INFO transport.py Попытка подключения №4
2022-04-28 00:34:57,893 INFO transport.py Попытка подключения №5
2022-04-28 00:35:00,926 CRITICAL transport.py Не удалось установить соединение с сервером
2022-04-28 01:46:46,784 DEBUG decors.py Function called: arg_parser with parameters (), {}Calling from the module: __main__
2022-04-28 01:46:46,859 INFO client.py Запущен клиент с парамертами: адрес сервера: 127.0.0.1 , порт: 7777, имя пользователя: listen
2022-04-28 01:47:42,530 DEBUG decors.py Function called: arg_parser with parameters (), {}Calling from the module: __main__
2022-04-28 01:47:42,595 INFO client.py Запущен клиент с парамертами: адрес сервера: 127.0.0.1 , порт: 7777, имя пользователя: listen
2022-04-28 01:47:42,613 INFO transport.py Попытка подключения №1
2022-04-28 01:47:45,651 INFO transport.py Попытка подключения №2
2022-04-28 01:47:48,686 INFO transport.py Попытка подключения №3
2022-04-28 01:47:49,695 DEBUG transport.py Установлено соединение с сервером
2022-04-28 01:47:49,695 DEBUG transport.py Сформировано presence сообщение для пользователя listen
2022-04-28 01:47:50,057 DEBUG transport.py Разбор сообщения от сервера: {'response': 200}
2022-04-28 01:47:50,058 INFO transport.py Соединение с сервером успешно установлено.
2022-04-28 01:47:50,058 DEBUG transport.py Запрос списка известных пользователей listen
2022-04-28 01:47:50,566 DEBUG transport.py Запрос контакт листа для пользователся Thread-1
2022-04-28 01:47:50,566 DEBUG transport.py Сформирован запрос {'action': 'get_contacts', 'time': 1651099670.566247, 'user': 'listen'}
2022-04-28 01:48:54,446 DEBUG decors.py Function called: arg_parser with parameters (), {}Calling from the module: __main__
2022-04-28 01:48:54,513 INFO client.py Запущен клиент с парамертами: адрес сервера: 127.0.0.1 , порт: 7777, имя пользователя: listen
2022-04-28 01:48:54,532 INFO transport.py Попытка подключения №1
2022-04-28 01:48:57,572 INFO transport.py Попытка подключения №2
2022-04-28 01:48:57,587 DEBUG transport.py Установлено соединение с сервером
2022-04-28 01:48:57,587 DEBUG transport.py Сформировано presence сообщение для пользователя listen
2022-04-28 01:48:57,942 DEBUG transport.py Разбор сообщения от сервера: {'response': 200}
2022-04-28 01:48:57,942 INFO transport.py Соединение с сервером успешно установлено.
2022-04-28 01:48:57,942 DEBUG transport.py Запрос списка известных пользователей listen
2022-04-28 01:48:58,461 DEBUG transport.py Запрос контакт листа для пользователся Thread-1
2022-04-28 01:48:58,461 DEBUG transport.py Сформирован запрос {'action': 'get_contacts', 'time': 1651099738.461598, 'user': 'listen'}
2022-04-28 01:52:15,172 DEBUG decors.py Function called: arg_parser with parameters (), {}Calling from the module: __main__
2022-04-28 01:52:15,238 INFO client.py Запущен клиент с парамертами: адрес сервера: 127.0.0.1 , порт: 7777, имя пользователя: listen
2022-04-28 01:52:15,256 INFO transport.py Попытка подключения №1
2022-04-28 01:52:18,282 INFO transport.py Попытка подключения №2
2022-04-28 01:52:19,796 DEBUG transport.py Установлено соединение с сервером
2022-04-28 01:52:19,796 DEBUG transport.py Сформировано presence сообщение для пользователя listen
2022-04-28 01:52:20,037 DEBUG transport.py Разбор сообщения от сервера: {'response': 200}
2022-04-28 01:52:20,037 INFO transport.py Соединение с сервером успешно установлено.
2022-04-28 01:52:20,037 DEBUG transport.py Запрос списка известных пользователей listen
2022-04-28 01:52:20,556 DEBUG transport.py Запрос контакт листа для пользователся Thread-1
2022-04-28 01:52:20,556 DEBUG transport.py Сформирован запрос {'action': 'get_contacts', 'time': 1651099940.5569742, 'user': 'listen'}
2022-04-28 01:52:21,830 CRITICAL transport.py Потеряно соединение с сервером.
2022-04-28 01:55:23,560 DEBUG decors.py Function called: arg_parser with parameters (), {}Calling from the module: __main__
2022-04-28 01:55:23,627 INFO client.py Запущен клиент с парамертами: адрес сервера: 127.0.0.1 , порт: 7777, имя пользователя: listen
2022-04-28 01:55:23,645 INFO transport.py Попытка подключения №1
2022-04-28 01:55:23,645 DEBUG transport.py Установлено соединение с сервером
2022-04-28 01:55:23,645 DEBUG transport.py Сформировано presence сообщение для пользователя listen
2022-04-28 01:55:23,657 DEBUG transport.py Разбор сообщения от сервера: {'response': 200}
2022-04-28 01:55:23,657 INFO transport.py Соединение с сервером успешно установлено.
2022-04-28 01:55:23,657 DEBUG transport.py Запрос списка известных пользователей listen
2022-04-28 01:55:24,174 DEBUG transport.py Запрос контакт листа для пользователся Thread-1
2022-04-28 01:55:24,174 DEBUG transport.py Сформирован запрос {'action': 'get_contacts', 'time': 1651100124.1741757, 'user': 'listen'}
2022-04-28 01:55:24,672 DEBUG transport.py Получен ответ {'response': 202, 'data_list': []}
2022-04-28 01:55:24,672 DEBUG transport.py Запущен процесс - приёмник собщений с сервера.
2022-04-28 01:55:43,768 DEBUG transport.py Создание контакта user1
2022-04-28 01:55:43,952 DEBUG transport.py Разбор сообщения от сервера: {'response': 200}
2022-04-28 01:55:43,959 INFO main_window.py Успешно добавлен контакт <PyQt5.QtGui.QStandardItem object at 0x000001BF9CF37E50>
2022-04-28 01:55:50,884 DEBUG transport.py Создание контакта user2
2022-04-28 01:55:51,032 DEBUG transport.py Разбор сообщения от сервера: {'response': 200}
2022-04-28 01:55:51,036 INFO main_window.py Успешно добавлен контакт <PyQt5.QtGui.QStandardItem object at 0x000001BFA16DA3A0>
2022-04-28 01:56:12,197 DEBUG transport.py Сформирован словарь сообщения: {'action': 'message', 'sender': 'listen', 'to': 'user1', 'time': 1651100172.197284, 'mess_text': 'Хай!'}
2022-04-28 01:57:06,274 DEBUG transport.py Запрос списка известных пользователей listen
2022-04-28 01:57:06,396 DEBUG add_contact.py Обновление списка пользователей с сервера выполнено
2022-04-28 01:57:11,678 DEBUG transport.py Создание контакта user3
2022-04-28 01:57:12,461 DEBUG transport.py Разбор сообщения от сервера: {'response': 200}
2022-04-28 01:57:12,464 INFO main_window.py Успешно добавлен контакт <PyQt5.QtGui.QStandardItem object at 0x000001BFA16FFD30>
2022-04-28 01:57:47,506 DEBUG transport.py Сформирован словарь сообщения: {'action': 'message', 'sender': 'listen', 'to': 'user1', 'time': 1651100267.5061893, 'mess_text': 'Привет!'}
2022-04-28 01:58:50,886 DEBUG transport.py Запрос списка известных пользователей listen
2022-04-28 01:58:51,113 DEBUG add_contact.py Обновление списка пользователей с сервера выполнено
2022-04-28 02:00:33,686 DEBUG transport.py Удаление контакта user3
2022-04-28 02:00:33,715 DEBUG transport.py Разбор сообщения от сервера: {'response': 200}
2022-04-28 02:00:33,717 INFO main_window.py Успешно удалён контакт user3
2022-04-28 02:07:49,242 DEBUG transport.py Сформирован словарь сообщения: {'action': 'message', 'sender': 'listen', 'to': 'user1', 'time': 1651100869.242824, 'mess_text': 'Хай!'}
2022-04-28 02:08:01,782 DEBUG transport.py Транспорт завершает работу.
2022-04-28 02:08:02,149 DEBUG transport.py Потеряно соединение с сервером.
2022-04-28 02:13:31,779 DEBUG decors.py Function called: arg_parser with parameters (), {}Calling from the module: __main__
2022-04-28 02:13:31,844 INFO client.py Запущен клиент с парамертами: адрес сервера: 127.0.0.1 , порт: 7777, имя пользователя: listen
2022-04-28 02:13:31,862 INFO transport.py Попытка подключения №1
2022-04-28 02:13:31,862 DEBUG transport.py Установлено соединение с сервером
2022-04-28 02:13:31,862 DEBUG transport.py Сформировано presence сообщение для пользователя listen
2022-04-28 02:13:31,873 DEBUG transport.py Разбор сообщения от сервера: {'response': 200}
2022-04-28 02:13:31,873 INFO transport.py Соединение с сервером успешно установлено.
2022-04-28 02:13:31,873 DEBUG transport.py Запрос списка известных пользователей listen
2022-04-28 02:13:32,380 DEBUG transport.py Запрос контакт листа для пользователся Thread-1
2022-04-28 02:13:32,380 DEBUG transport.py Сформирован запрос {'action': 'get_contacts', 'time': 1651101212.3802164, 'user': 'listen'}
2022-04-28 02:13:32,882 DEBUG transport.py Получен ответ {'response': 202, 'data_list': ['user1', 'user2']}
2022-04-28 02:13:32,894 DEBUG transport.py Запущен процесс - приёмник собщений с сервера.
2022-04-28 02:13:51,241 DEBUG transport.py Запрос списка известных пользователей listen
2022-04-28 02:13:51,632 DEBUG add_contact.py Обновление списка пользователей с сервера выполнено
2022-04-28 02:13:51,637 DEBUG transport.py Запрос списка известных пользователей listen
2022-04-28 02:13:52,146 DEBUG add_contact.py Обновление списка пользователей с сервера выполнено
2022-04-28 02:13:54,062 DEBUG transport.py Создание контакта user3
2022-04-28 02:13:54,205 DEBUG transport.py Разбор сообщения от сервера: {'response': 200}
2022-04-28 02:13:54,209 INFO main_window.py Успешно добавлен контакт <PyQt5.QtGui.QStandardItem object at 0x000001E94EBABCA0>
2022-04-28 02:17:06,696 DEBUG transport.py Транспорт завершает работу.
2022-04-28 02:18:45,216 DEBUG decors.py Function called: arg_parser with parameters (), {}Calling from the module: __main__
2022-04-28 02:18:45,279 INFO client.py Запущен клиент с парамертами: адрес сервера: 127.0.0.1 , порт: 7777, имя пользователя: listen
2022-04-28 02:18:45,306 INFO transport.py Попытка подключения №1
2022-04-28 02:18:45,306 DEBUG transport.py Установлено соединение с сервером
2022-04-28 02:18:45,306 DEBUG transport.py Сформировано presence сообщение для пользователя listen
2022-04-28 02:18:45,316 DEBUG transport.py Разбор сообщения от сервера: {'response': 200}
2022-04-28 02:18:45,316 INFO transport.py Соединение с сервером успешно установлено.
2022-04-28 02:18:45,316 DEBUG transport.py Запрос списка известных пользователей listen
2022-04-28 02:18:45,825 DEBUG transport.py Запрос контакт листа для пользователся Thread-1
2022-04-28 02:18:45,825 DEBUG transport.py Сформирован запрос {'action': 'get_contacts', 'time': 1651101525.8257682, 'user': 'listen'}
2022-04-28 02:18:46,337 DEBUG transport.py Получен ответ {'response': 202, 'data_list': ['user1', 'user2', 'user3']}
2022-04-28 02:18:46,355 DEBUG transport.py Запущен процесс - приёмник собщений с сервера.
2022-04-28 02:20:35,007 CRITICAL transport.py Потеряно соединение с сервером.
2022-04-28 02:20:36,513 DEBUG transport.py Транспорт завершает работу.
2022-04-28 02:29:09,342 DEBUG decors.py Function called: arg_parser with parameters (), {}Calling from the module: __main__
2022-04-28 02:29:09,404 INFO client.py Запущен клиент с парамертами: адрес сервера: 127.0.0.1 , порт: 7777, имя пользователя: listen
2022-04-28 02:29:09,422 INFO transport.py Попытка подключения №1
2022-04-28 02:29:09,422 DEBUG transport.py Установлено соединение с сервером
2022-04-28 02:29:09,422 DEBUG transport.py Сформировано presence сообщение для пользователя listen
2022-04-28 02:29:09,432 DEBUG transport.py Разбор сообщения от сервера: {'response': 200}
2022-04-28 02:29:09,432 INFO transport.py Соединение с сервером успешно установлено.
2022-04-28 02:29:09,433 DEBUG transport.py Запрос списка известных пользователей listen
2022-04-28 02:29:09,952 DEBUG transport.py Запрос контакт листа для пользователся Thread-1
2022-04-28 02:29:09,953 DEBUG transport.py Сформирован запрос {'action': 'get_contacts', 'time': 1651102149.9538062, 'user': 'listen'}
2022-04-28 02:29:10,464 DEBUG transport.py Получен ответ {'response': 202, 'data_list': ['user1', 'user2', 'user3']}
2022-04-28 02:29:10,488 DEBUG transport.py Запущен процесс - приёмник собщений с сервера.
2022-04-28 02:29:35,563 DEBUG transport.py Создание контакта 
2022-04-28 02:29:35,852 DEBUG transport.py Разбор сообщения от сервера: {'response': 200}
2022-04-28 02:29:35,856 INFO main_window.py Успешно добавлен контакт <PyQt5.QtGui.QStandardItem object at 0x00000161410364C0>
2022-04-28 02:29:41,233 DEBUG transport.py Удаление контакта 
2022-04-28 02:29:41,443 DEBUG transport.py Разбор сообщения от сервера: {'response': 200}
2022-04-28 02:29:41,445 INFO main_window.py Успешно удалён контакт 
2022-04-28 02:33:19,006 DEBUG transport.py Сформирован словарь сообщения: {'action': 'message', 'sender': 'listen', 'to': 'user3', 'time': 1651102399.0061471, 'mess_text': '123\n'}
2022-04-28 02:36:01,002 DEBUG transport.py Транспорт завершает работу.
2022-04-29 15:09:06,835 DEBUG decors.py Function called: arg_parser with parameters (), {}Calling from the module: __main__
2022-04-29 15:09:06,901 INFO client.py Запущен клиент с парамертами: адрес сервера: 127.0.0.1 , порт: 7777, имя пользователя: listen
2022-04-29 15:09:06,919 INFO transport.py Попытка подключения №1
2022-04-29 15:09:06,920 DEBUG transport.py Установлено соединение с сервером
2022-04-29 15:09:06,920 DEBUG transport.py Сформировано presence сообщение для пользователя listen
2022-04-29 15:09:06,933 DEBUG transport.py Разбор сообщения от сервера: {'response': 200}
2022-04-29 15:09:06,933 INFO transport.py Соединение с сервером успешно установлено.
2022-04-29 15:09:06,933 DEBUG transport.py Запрос списка известных пользователей listen
2022-04-29 15:09:07,451 DEBUG transport.py Запрос контакт листа для пользователся Thread-1
2022-04-29 15:09:07,451 DEBUG transport.py Сформирован запрос {'action': 'get_contacts', 'time': 1651234147.4516518, 'user': 'listen'}
2022-04-29 15:09:07,949 DEBUG transport.py Получен ответ {'response': 202, 'data_list': ['user1', 'user2', 'user3']}
2022-04-29 15:09:07,966 DEBUG transport.py Запущен процесс - приёмник собщений с сервера.
2022-04-29 15:09:17,547 DEBUG transport.py Запрос списка известных пользователей listen
2022-04-29 15:09:17,582 DEBUG add_contact.py Обновление списка пользователей с сервера выполнено
2022-04-29 15:09:17,869 DEBUG transport.py Запрос списка известных пользователей listen
2022-04-29 15:09:18,083 DEBUG add_contact.py Обновление списка пользователей с сервера выполнено
2022-04-29 15:09:19,396 DEBUG transport.py Создание контакта 
2022-04-29 15:09:19,612 DEBUG transport.py Разбор сообщения от сервера: {'response': 200}
2022-04-29 15:09:19,616 INFO main_window.py Успешно добавлен контакт <PyQt5.QtGui.QStandardItem object at 0x0000024CB61818B0>
2022-04-29 15:09:27,029 DEBUG transport.py Удаление контакта 
2022-04-29 15:09:27,189 DEBUG transport.py Разбор сообщения от сервера: {'response': 200}
2022-04-29 15:09:27,191 INFO main_window.py Успешно удалён контакт 
2022-04-29 15:09:35,529 DEBUG transport.py Сформирован словарь сообщения: {'action': 'message', 'sender': 'listen', 'to': 'user3', 'time': 1651234175.5294409, 'mess_text': '123'}
2022-04-29 15:12:10,279 DEBUG transport.py Удаление контакта user1
2022-04-29 15:12:11,146 DEBUG transport.py Разбор сообщения от сервера: {'response': 200}
2022-04-29 15:12:11,147 INFO main_window.py Успешно удалён контакт user1
2022-04-29 15:13:26,534 DEBUG decors.py Function called: arg_parser with parameters (), {}Calling from the module: __main__
2022-04-29 15:13:26,600 INFO client.py Запущен клиент с парамертами: адрес сервера: 127.0.0.1 , порт: 7777, имя пользователя: listen
2022-04-29 15:13:26,618 INFO transport.py Попытка подключения №1
2022-04-29 15:13:26,618 DEBUG transport.py Установлено соединение с сервером
2022-04-29 15:13:26,619 DEBUG transport.py Сформировано presence сообщение для пользователя listen
2022-04-29 15:13:31,630 CRITICAL transport.py Потеряно соединение с сервером!
2022-05-01 14:22:15,462 DEBUG decors.py Function called: arg_parser with parameters (), {}Calling from the module: __main__
2022-05-01 14:22:15,665 INFO client.py Запущен клиент с парамертами: адрес сервера: 127.0.0.1 , порт: 7777, имя пользователя: listen
2022-05-01 14:22:15,722 INFO transport.py Попытка подключения №1
2022-05-01 14:22:18,762 INFO transport.py Попытка подключения №2
2022-05-01 14:22:21,789 INFO transport.py Попытка подключения №3
2022-05-01 14:22:24,830 INFO transport.py Попытка подключения №4
2022-05-03 01:37:20,642 DEBUG decors.py Function called: arg_parser with parameters (), {}Calling from the module: __main__
2022-05-03 01:37:20,645 DEBUG client.py Args loaded
2022-05-03 01:37:32,679 DEBUG client.py Using USERNAME = user_1, PASSWD = 123456.
2022-05-03 01:37:32,697 INFO client.py Запущен клиент с парамертами: адрес сервера: 127.0.0.1 , порт: 7777, имя пользователя: user_1
2022-05-03 01:37:33,065 DEBUG client.py Keys sucsessfully loaded.
2022-05-03 01:37:33,113 INFO transport.py Попытка подключения №1
2022-05-03 01:37:36,149 INFO transport.py Попытка подключения №2
2022-05-03 01:37:39,183 INFO transport.py Попытка подключения №3
2022-05-03 01:37:42,212 INFO transport.py Попытка подключения №4
2022-05-03 01:37:45,236 INFO transport.py Попытка подключения №5
2022-05-03 01:37:48,270 CRITICAL transport.py Не удалось установить соединение с сервером
2022-05-03 01:38:37,056 DEBUG decors.py Function called: arg_parser with parameters (), {}Calling from the module: __main__
2022-05-03 01:38:37,058 DEBUG client.py Args loaded
2022-05-03 01:38:49,546 DEBUG client.py Using USERNAME = user_2, PASSWD = 123456.
2022-05-03 01:38:49,559 INFO client.py Запущен клиент с парамертами: адрес сервера: 127.0.0.1 , порт: 7777, имя пользователя: user_2
2022-05-03 01:38:51,603 DEBUG client.py Keys sucsessfully loaded.
2022-05-03 01:38:51,631 INFO transport.py Попытка подключения №1
2022-05-03 01:38:51,632 DEBUG transport.py Connection established.
2022-05-03 01:38:51,632 DEBUG transport.py Starting auth dialog.
2022-05-03 01:38:51,640 DEBUG transport.py Passwd hash ready: b'32a4adb2a2427a94e9034f119e04ab90c99d57e5f6bba5e7ceaa21c39c3c4e3c0bfedc6449c0c0c0ec7d10addd816d6da3716cc783c1daed8f7a118bd3e08c43'
2022-05-03 01:38:51,641 DEBUG transport.py Presense message = {'action': 'presence', 'time': 1651531131.6419415, 'user': {'ACCOUNT_NAME': 'user_2', 'pubkey': '-----BEGIN PUBLIC KEY-----\nMIIBIjANBgkqhkiG9w0BAQEFAAOCAQ8AMIIBCgKCAQEAn30hDUVVT6AxiIS5CqTi\nuP/idtKvBvdC6ii/p8y30CeJw+uLXcJAjgCG6aS8qzA3KpmLswFaNqMBeCTcSceJ\nq13VdcZAhyDGv1h3+BfKcY36i3ODJcZTlpYe9ZxdytAS25NQMAhFr8Zr7e95e+wZ\neSzby7Gdm3zpMOiSKIWvnTZf8a0rAqA/0GbJUxIUPZ4VETCXdxUi1CDHpF5kbxyY\n0yeXSeV9gcQC3ZiTVuEI6NrUBiE69LkirCL5NNnhi/W+Hf1qoRreDVctMhW1QLz1\nOL/vWxQNb5nf4E7lCWULMdvoCyn1k3tYjit7DWESeVLNHrHkub4Y/1n8n9YjmYxp\nQQIDAQAB\n-----END PUBLIC KEY-----'}}
2022-05-03 01:38:51,641 DEBUG decors.py Function called: send_message with parameters (<socket.socket fd=1504, family=AddressFamily.AF_INET, type=SocketKind.SOCK_STREAM, proto=0, laddr=('127.0.0.1', 56727), raddr=('127.0.0.1', 7777)>, {'action': 'presence', 'time': 1651531131.6419415, 'user': {'ACCOUNT_NAME': 'user_2', 'pubkey': '-----BEGIN PUBLIC KEY-----\nMIIBIjANBgkqhkiG9w0BAQEFAAOCAQ8AMIIBCgKCAQEAn30hDUVVT6AxiIS5CqTi\nuP/idtKvBvdC6ii/p8y30CeJw+uLXcJAjgCG6aS8qzA3KpmLswFaNqMBeCTcSceJ\nq13VdcZAhyDGv1h3+BfKcY36i3ODJcZTlpYe9ZxdytAS25NQMAhFr8Zr7e95e+wZ\neSzby7Gdm3zpMOiSKIWvnTZf8a0rAqA/0GbJUxIUPZ4VETCXdxUi1CDHpF5kbxyY\n0yeXSeV9gcQC3ZiTVuEI6NrUBiE69LkirCL5NNnhi/W+Hf1qoRreDVctMhW1QLz1\nOL/vWxQNb5nf4E7lCWULMdvoCyn1k3tYjit7DWESeVLNHrHkub4Y/1n8n9YjmYxp\nQQIDAQAB\n-----END PUBLIC KEY-----'}}), {}Calling from the module: common.utils
2022-05-03 01:38:51,641 DEBUG decors.py Function called: get_message with parameters (<socket.socket fd=1504, family=AddressFamily.AF_INET, type=SocketKind.SOCK_STREAM, proto=0, laddr=('127.0.0.1', 56727), raddr=('127.0.0.1', 7777)>,), {}Calling from the module: common.utils
2022-05-03 01:38:52,153 DEBUG transport.py Server response = {'response': 511, 'bin': '1e5efc436f5cf45287a960b79b13f46e31d97d307da0d950b45622a79d91e006cbc61659e89117cdc88969a147e94dc100d3a636a45d5d649a67e962360991ab'}.
2022-05-03 01:38:52,153 DEBUG decors.py Function called: send_message with parameters (<socket.socket fd=1504, family=AddressFamily.AF_INET, type=SocketKind.SOCK_STREAM, proto=0, laddr=('127.0.0.1', 56727), raddr=('127.0.0.1', 7777)>, {'response': 511, 'bin': 'kazOuzg/msnfPI8NuTeY+A==\n'}), {}Calling from the module: common.utils
2022-05-03 01:38:52,153 DEBUG decors.py Function called: get_message with parameters (<socket.socket fd=1504, family=AddressFamily.AF_INET, type=SocketKind.SOCK_STREAM, proto=0, laddr=('127.0.0.1', 56727), raddr=('127.0.0.1', 7777)>,), {}Calling from the module: common.utils
2022-05-03 01:38:52,154 DEBUG transport.py Разбор сообщения от сервера: {'response': 200}
2022-05-03 01:38:52,154 DEBUG transport.py Запрос списка известных пользователей user_2
2022-05-03 01:38:52,154 DEBUG decors.py Function called: send_message with parameters (<socket.socket fd=1504, family=AddressFamily.AF_INET, type=SocketKind.SOCK_STREAM, proto=0, laddr=('127.0.0.1', 56727), raddr=('127.0.0.1', 7777)>, {'action': 'get_users', 'time': 1651531132.1544576, 'ACCOUNT_NAME': 'user_2'}), {}Calling from the module: common.utils
2022-05-03 01:38:52,154 DEBUG decors.py Function called: get_message with parameters (<socket.socket fd=1504, family=AddressFamily.AF_INET, type=SocketKind.SOCK_STREAM, proto=0, laddr=('127.0.0.1', 56727), raddr=('127.0.0.1', 7777)>,), {}Calling from the module: common.utils
2022-05-03 01:38:52,685 DEBUG transport.py Запрос контакт листа для пользователся Thread-1
2022-05-03 01:38:52,685 DEBUG transport.py Сформирован запрос {'action': 'get_contacts', 'time': 1651531132.6853387, 'user': 'user_2'}
2022-05-03 01:38:52,685 DEBUG decors.py Function called: send_message with parameters (<socket.socket fd=1504, family=AddressFamily.AF_INET, type=SocketKind.SOCK_STREAM, proto=0, laddr=('127.0.0.1', 56727), raddr=('127.0.0.1', 7777)>, {'action': 'get_contacts', 'time': 1651531132.6853387, 'user': 'user_2'}), {}Calling from the module: common.utils
2022-05-03 01:38:52,685 DEBUG decors.py Function called: get_message with parameters (<socket.socket fd=1504, family=AddressFamily.AF_INET, type=SocketKind.SOCK_STREAM, proto=0, laddr=('127.0.0.1', 56727), raddr=('127.0.0.1', 7777)>,), {}Calling from the module: common.utils
2022-05-03 01:38:53,182 DEBUG transport.py Получен ответ {'response': 202, 'data_list': []}
2022-05-03 01:38:53,182 DEBUG client.py Transport ready.
2022-05-03 01:38:53,183 DEBUG transport.py Запущен процесс - приёмник собщений с сервера.
